[Info] 2021-03-08 14:47:31 notify_time=2021-03-08 11:47:31&gmt_refund=2021-03-07 11:18:44.854&refund_fee=0.01&seller_id=2088831869964613&total_amount=18.00&sign=gu90rRdd G wOy1FhA2EzoQ8C9g9H3J6LI2dppQVtz7cedBHISBCoL0wbUqhO4y68zargFsmLpCLTPh424KbkvEQT7NfVpoB/D/rhcpoFPGKyzTyFhD0VFVI9WOeyKnoGTVdOzx7FI2dcNnKe0luDsg9GH2vjT3nVzih9zEswNhmfTkF8z1166F0UtSPJLoMI07zq5mx1guCmXVD3EAk1ZAs6kxZVkg7WT/4izXu6jjS9L ktBkZpy3t9YR2J4veGUaoMde0hGCV4fyJCOY/IXy2Bl XMtPS1nEzkL4RmAY QFBE AsqDsT/SRXdHjM1K3ZYT16Mq/D2EC9AaigCkw==&sign_type=RSA2&buyer_logon_id=114***@qq.com&trade_no=2021022722001496711446195740&buyer_id=2088512446596714&version=1.0&gmt_create=2021-02-27 02:36:48&out_biz_no=ea14f917cb9745f2b0ed115d876f0074&charset=utf-8&subject=码上云&seller_email=codecloud2020@163.com&notify_type=trade_status_sync&app_id=2021001192664075&out_trade_no=T20210227153530376&notify_id=2021030700222111845096711414913340&auth_app_id=2021002127613600&gmt_payment=2021-02-27 02:36:53&trade_status=TRADE_SUCCESS&body=码上云点餐
[Info] 2021-03-08 14:48:56 trade_status=TRADE_SUCCESS&notify_id=2021030800222003940096711415357199&app_id=2021001192664075&notify_time=2021-03-08 02:05:32&out_trade_no=recharge202103082145090741&invoice_amount=0.01&buyer_logon_id=114***@qq.com&notify_type=trade_status_sync&subject=码上点-扫码点餐服务商&charset=utf-8&buyer_id=2088512446596714&receipt_amount=0.01&seller_email=codecloud2020@163.com&auth_app_id=2021001192675085&gmt_create=2021-03-08 00:39:33&gmt_payment=2021-03-08 00:39:40&sign_type=RSA2&body=码上点-扫码点餐服务商钱包充值&fund_bill_list=[{"amount":"0.01","fundChannel":"PCREDIT"}]&point_amount=0.00&sign=Pvq1UhXVPF2IrNNz0fJ6zBksJLeN9sM8QEfLT WAsryh1m2o31odVVs neMtk6CZAQh0Mlgn10w/sLkHo0suXtSVeIDFKGKnSxRwkn/SKl6G9kkqWCRoQ0f93iaqlceUrYh28y22wjtv0NTv5IkULeD8ybDjXJ2K8 Mo4LV8pCJB17FZtp4GlUqlbkGJK2gcPgp2/HGigNCOSjpC6GmvMe3OqZ65SaBNlIFbGA dd2edww7afJFqIVLFenNxnB5tLgLtQGDzSZy1snxWijixJTw3mA2M F yNtyfsQ/05PFBRbbaeOiG7aGtQlTJeQFmcF/vlFx5SkWIkJbYrKV8Tw==&buyer_pay_amount=0.01&total_amount=0.01&version=1.0&seller_id=2088831869964613&trade_no=2021030822001496711452738783
[91m[Error][0m 2021-03-09 20:48:53 Error 1054: Unknown column 'mid' in 'field list'
[91m[Error][0m 2021-03-09 20:52:18 Error 1054: Unknown column 'mid' in 'field list'
[91m[Error][0m 2021-03-09 20:54:12 Error 1054: Unknown column 'mid' in 'field list'
[91m[Error][0m 2021-03-09 20:57:44 Error 1054: Unknown column 'mid' in 'field list'
[91m[Error][0m 2021-03-09 21:00:53 Error 1054: Unknown column 'mid' in 'field list'
[91m[Error][0m 2021-03-09 21:05:49 Error 1054: Unknown column 'mid' in 'field list'
[91m[Error][0m 2021-03-10 12:02:09 内容不存在！
[91m[Error][0m 2021-03-10 12:08:56 内容不存在！
[91m[Error][0m 2021-03-10 12:11:03 内容不存在！
[91m[Error][0m 2021-03-10 12:17:48 内容不存在！
[91m[Error][0m 2021-03-10 12:19:41 内容不存在！
[91m[Error][0m 2021-03-10 12:22:03 内容不存在！
[91m[Error][0m 2021-03-10 12:24:42 内容不存在！
[91m[Error][0m 2021-03-10 12:26:51 内容不存在！
[91m[Error][0m 2021-03-10 12:28:46 内容不存在！
[91m[Error][0m 2021-03-10 12:30:45 内容不存在！
[91m[Error][0m 2021-03-10 12:40:12 内容不存在！
[91m[Error][0m 2021-03-10 12:41:37 内容不存在！
[91m[Error][0m 2021-03-10 12:49:13 内容不存在！
[91m[Error][0m 2021-03-10 12:52:48 内容不存在！
[Info] 2021-03-11 13:26:06 notify_type=trade_status_sync&app_id=2021001192664075&gmt_payment=2021-03-11 13:22:10&buyer_id=2088512446596714&trade_status=TRADE_SUCCESS&notify_time=2021-03-11 13:25:35&subject=模板测试&charset=utf-8&sign_type=RSA2&version=1.0&out_trade_no=T202103111606796073&seller_email=codecloud2020@163.com&body=模板测试点餐&invoice_amount=0.01&receipt_amount=0.01&sign=AHSQMZVemLB1 n0KCNE6Fx90uRDEiveNMI7kTDHIjvZfyWO/64usfEWRNwaBmrMyIlydUNr039BasIPn4HG8bn9N9oU/Vx TukGOyiXWIVNw 7iXNTAoLoNoTnxhAtbZcdOPUJhGypXYacvMAkS7aUfsX2gb0U7Q3G5KtX3Ll0YdHSRwoUE8fgSSfPfVYygFupBs8H0dXFEAGAsb5M85COqPutPe1vpmi/ttomObNEkqj6dqSPmekCT/DbjP9QHMR5jF7fZ8jEeRj2rqDOfMUkICHq6kTjPwPjYwH3EckhPtmlfK6yli1Vgh6bG1zoO//2Jslg6E/nCIkQ48paXDpQ==&buyer_logon_id=114***@qq.com&seller_id=2088831869964613&notify_id=2021031100222132210096711420688871&total_amount=0.01&trade_no=2021031122001496711454605846&fund_bill_list=[{"amount":"0.01","fundChannel":"PCREDIT"}]&gmt_create=2021-03-11 13:20:38&buyer_pay_amount=0.01&auth_app_id=2021001192675085&point_amount=0.00
[Info] 2021-03-11 13:45:09 seller_id=2088831869964613&body=模板测试点餐&buyer_logon_id=114***@qq.com&gmt_payment=2021-03-11 13:44:40&buyer_pay_amount=0.01&total_amount=0.01&point_amount=0.00&notify_time=2021-03-11 13:44:41&notify_type=trade_status_sync&fund_bill_list=[{"amount":"0.01","fundChannel":"PCREDIT"}]&version=1.0&invoice_amount=0.01&out_trade_no=T20210311960618514&sign_type=RSA2&seller_email=codecloud2020@163.com&buyer_id=2088512446596714&auth_app_id=2021001192675085&trade_no=2021031122001496711454942414&gmt_create=2021-03-11 13:44:34&charset=utf-8&trade_status=TRADE_SUCCESS&notify_id=2021031100222134440096711420005717&app_id=2021001192664075&subject=模板测试&receipt_amount=0.01&sign=UBXyxM02SDZQSGjxPw3UAD4xP8nLf6ccl7NLgXJUc41RKishudbmdVeA564kjaQzKXOKHoUSpOOgU3Wtv0qU5KaRQ9WxsV4d5KaLoicVSgm1ZnmcNeGHM5pbEiUuM9GzC3sJrXYG3wcTvQ hPWB8wldiUBsZFOLpHq7vNQerOvKwst2dWOT66D9DYf26uDQxxI5 yej4ucos0mafFRXuChxG7TdG32G9PbEVsFmhitDMWyZI6vLEYnBKgtH6epwXr2/BZVmd2wwJMhCePYw1rtHKxIwb7TUViMF6Es jojUeyRBt5nr81uqArGcrhE4BHCCsc3ahur2EThLAEqc4wg==
[Info] 2021-03-11 13:46:33 seller_email=codecloud2020@163.com&notify_time=2021-03-11 13:44:41&fund_bill_list=[{"amount":"0.01","fundChannel":"PCREDIT"}]&buyer_pay_amount=0.01&auth_app_id=2021001192675085&gmt_create=2021-03-11 13:44:34&invoice_amount=0.01&point_amount=0.00&trade_status=TRADE_SUCCESS&out_trade_no=T20210311960618514&notify_id=2021031100222134440096711420005717&buyer_id=2088512446596714&total_amount=0.01&receipt_amount=0.01&sign=UBXyxM02SDZQSGjxPw3UAD4xP8nLf6ccl7NLgXJUc41RKishudbmdVeA564kjaQzKXOKHoUSpOOgU3Wtv0qU5KaRQ9WxsV4d5KaLoicVSgm1ZnmcNeGHM5pbEiUuM9GzC3sJrXYG3wcTvQ hPWB8wldiUBsZFOLpHq7vNQerOvKwst2dWOT66D9DYf26uDQxxI5 yej4ucos0mafFRXuChxG7TdG32G9PbEVsFmhitDMWyZI6vLEYnBKgtH6epwXr2/BZVmd2wwJMhCePYw1rtHKxIwb7TUViMF6Es jojUeyRBt5nr81uqArGcrhE4BHCCsc3ahur2EThLAEqc4wg==&seller_id=2088831869964613&sign_type=RSA2&body=模板测试点餐&notify_type=trade_status_sync&app_id=2021001192664075&subject=模板测试&charset=utf-8&buyer_logon_id=114***@qq.com&gmt_payment=2021-03-11 13:44:40&trade_no=2021031122001496711454942414&version=1.0
[Info] 2021-03-11 13:49:51 invoice_amount=0.01&point_amount=0.00&buyer_logon_id=114***@qq.com&gmt_payment=2021-03-11 13:44:40&subject=模板测试&gmt_create=2021-03-11 13:44:34&out_trade_no=T20210311960618514&notify_time=2021-03-11 13:44:41&body=模板测试点餐&app_id=2021001192664075&version=1.0&charset=utf-8&sign_type=RSA2&auth_app_id=2021001192675085&buyer_pay_amount=0.01&sign=UBXyxM02SDZQSGjxPw3UAD4xP8nLf6ccl7NLgXJUc41RKishudbmdVeA564kjaQzKXOKHoUSpOOgU3Wtv0qU5KaRQ9WxsV4d5KaLoicVSgm1ZnmcNeGHM5pbEiUuM9GzC3sJrXYG3wcTvQ hPWB8wldiUBsZFOLpHq7vNQerOvKwst2dWOT66D9DYf26uDQxxI5 yej4ucos0mafFRXuChxG7TdG32G9PbEVsFmhitDMWyZI6vLEYnBKgtH6epwXr2/BZVmd2wwJMhCePYw1rtHKxIwb7TUViMF6Es jojUeyRBt5nr81uqArGcrhE4BHCCsc3ahur2EThLAEqc4wg==&total_amount=0.01&trade_status=TRADE_SUCCESS&seller_id=2088831869964613&notify_id=2021031100222134440096711420005717&seller_email=codecloud2020@163.com&buyer_id=2088512446596714&notify_type=trade_status_sync&fund_bill_list=[{"amount":"0.01","fundChannel":"PCREDIT"}]&trade_no=2021031122001496711454942414&receipt_amount=0.01
[Info] 2021-03-11 15:03:13 seller_email=codecloud2020@163.com&receipt_amount=0.01&gmt_create=2021-03-11 13:44:34&total_amount=0.01&trade_status=TRADE_SUCCESS&body=模板测试点餐&fund_bill_list=[{"amount":"0.01","fundChannel":"PCREDIT"}]&buyer_logon_id=114***@qq.com&gmt_payment=2021-03-11 13:44:40&subject=模板测试&sign=UBXyxM02SDZQSGjxPw3UAD4xP8nLf6ccl7NLgXJUc41RKishudbmdVeA564kjaQzKXOKHoUSpOOgU3Wtv0qU5KaRQ9WxsV4d5KaLoicVSgm1ZnmcNeGHM5pbEiUuM9GzC3sJrXYG3wcTvQ hPWB8wldiUBsZFOLpHq7vNQerOvKwst2dWOT66D9DYf26uDQxxI5 yej4ucos0mafFRXuChxG7TdG32G9PbEVsFmhitDMWyZI6vLEYnBKgtH6epwXr2/BZVmd2wwJMhCePYw1rtHKxIwb7TUViMF6Es jojUeyRBt5nr81uqArGcrhE4BHCCsc3ahur2EThLAEqc4wg==&sign_type=RSA2&charset=utf-8&out_trade_no=T20210311960618514&seller_id=2088831869964613&buyer_id=2088512446596714&notify_time=2021-03-11 13:44:41&notify_type=trade_status_sync&trade_no=2021031122001496711454942414&point_amount=0.00&notify_id=2021031100222134440096711420005717&auth_app_id=2021001192675085&app_id=2021001192664075&buyer_pay_amount=0.01&version=1.0&invoice_amount=0.01
[91m[Error][0m 2021-03-11 18:09:08 unsupported data type: map[order_status:TRADE_REFUND]: Table not set, please set it like: db.Model(&user) or db.Table("users")
[91m[Error][0m 2021-03-11 18:10:15 unsupported data type: map[order_status:TRADE_REFUND]: Table not set, please set it like: db.Model(&user) or db.Table("users")
[91m[Error][0m 2021-03-11 18:11:45 unsupported data type: map[order_status:TRADE_REFUND]: Table not set, please set it like: db.Model(&user) or db.Table("users")
[91m[Error][0m 2021-03-11 18:14:07 unsupported data type: map[order_status:TRADE_REFUND]: Table not set, please set it like: db.Model(&user) or db.Table("users")
[91m[Error][0m 2021-03-11 18:14:08 unsupported data type: map[order_status:TRADE_REFUND]: Table not set, please set it like: db.Model(&user) or db.Table("users")
